  CFish.cpp
C:\Users\DaWes\AIMiniProject2\AIMiniProject2\AIMiniProject2\CFish.cpp(192,82): warning C4244: 'argument': conversion from 'T' to 'float', possible loss of data
C:\Users\DaWes\AIMiniProject2\AIMiniProject2\AIMiniProject2\CFish.cpp(192,82): warning C4244:         with
C:\Users\DaWes\AIMiniProject2\AIMiniProject2\AIMiniProject2\CFish.cpp(192,82): warning C4244:         [
C:\Users\DaWes\AIMiniProject2\AIMiniProject2\AIMiniProject2\CFish.cpp(192,82): warning C4244:             T=unsigned int
C:\Users\DaWes\AIMiniProject2\AIMiniProject2\AIMiniProject2\CFish.cpp(192,82): warning C4244:         ]
C:\Users\DaWes\AIMiniProject2\AIMiniProject2\AIMiniProject2\CFish.cpp(192,51): warning C4244: 'argument': conversion from 'T' to 'float', possible loss of data
C:\Users\DaWes\AIMiniProject2\AIMiniProject2\AIMiniProject2\CFish.cpp(192,51): warning C4244:         with
C:\Users\DaWes\AIMiniProject2\AIMiniProject2\AIMiniProject2\CFish.cpp(192,51): warning C4244:         [
C:\Users\DaWes\AIMiniProject2\AIMiniProject2\AIMiniProject2\CFish.cpp(192,51): warning C4244:             T=unsigned int
C:\Users\DaWes\AIMiniProject2\AIMiniProject2\AIMiniProject2\CFish.cpp(192,51): warning C4244:         ]
C:\Users\DaWes\AIMiniProject2\AIMiniProject2\AIMiniProject2\CFish.cpp(193,54): warning C4244: 'argument': conversion from 'int' to 'T', possible loss of data
C:\Users\DaWes\AIMiniProject2\AIMiniProject2\AIMiniProject2\CFish.cpp(193,54): warning C4244:         with
C:\Users\DaWes\AIMiniProject2\AIMiniProject2\AIMiniProject2\CFish.cpp(193,54): warning C4244:         [
C:\Users\DaWes\AIMiniProject2\AIMiniProject2\AIMiniProject2\CFish.cpp(193,54): warning C4244:             T=float
C:\Users\DaWes\AIMiniProject2\AIMiniProject2\AIMiniProject2\CFish.cpp(193,54): warning C4244:         ]
C:\Users\DaWes\AIMiniProject2\AIMiniProject2\AIMiniProject2\CFish.cpp(193,39): warning C4244: 'argument': conversion from 'int' to 'T', possible loss of data
C:\Users\DaWes\AIMiniProject2\AIMiniProject2\AIMiniProject2\CFish.cpp(193,39): warning C4244:         with
C:\Users\DaWes\AIMiniProject2\AIMiniProject2\AIMiniProject2\CFish.cpp(193,39): warning C4244:         [
C:\Users\DaWes\AIMiniProject2\AIMiniProject2\AIMiniProject2\CFish.cpp(193,39): warning C4244:             T=float
C:\Users\DaWes\AIMiniProject2\AIMiniProject2\AIMiniProject2\CFish.cpp(193,39): warning C4244:         ]
  CFlock.cpp
  CPlayer.cpp
C:\Users\DaWes\AIMiniProject2\AIMiniProject2\AIMiniProject2\CPlayer.cpp(39,97): warning C4244: 'argument': conversion from 'T' to 'float', possible loss of data
C:\Users\DaWes\AIMiniProject2\AIMiniProject2\AIMiniProject2\CPlayer.cpp(39,97): warning C4244:         with
C:\Users\DaWes\AIMiniProject2\AIMiniProject2\AIMiniProject2\CPlayer.cpp(39,97): warning C4244:         [
C:\Users\DaWes\AIMiniProject2\AIMiniProject2\AIMiniProject2\CPlayer.cpp(39,97): warning C4244:             T=unsigned int
C:\Users\DaWes\AIMiniProject2\AIMiniProject2\AIMiniProject2\CPlayer.cpp(39,97): warning C4244:         ]
C:\Users\DaWes\AIMiniProject2\AIMiniProject2\AIMiniProject2\CPlayer.cpp(39,61): warning C4244: 'argument': conversion from 'T' to 'float', possible loss of data
C:\Users\DaWes\AIMiniProject2\AIMiniProject2\AIMiniProject2\CPlayer.cpp(39,61): warning C4244:         with
C:\Users\DaWes\AIMiniProject2\AIMiniProject2\AIMiniProject2\CPlayer.cpp(39,61): warning C4244:         [
C:\Users\DaWes\AIMiniProject2\AIMiniProject2\AIMiniProject2\CPlayer.cpp(39,61): warning C4244:             T=unsigned int
C:\Users\DaWes\AIMiniProject2\AIMiniProject2\AIMiniProject2\CPlayer.cpp(39,61): warning C4244:         ]
  main.cpp
  Generating code
  Previous IPDB was built with incompatible compiler, fall back to full compilation.
  All 162 functions were compiled because no usable IPDB/IOBJ from previous compilation was found.
  Finished generating code
  AIMiniProject2.vcxproj -> C:\Users\DaWes\AIMiniProject2\AIMiniProject2\x64\Release\AIMiniProject2.exe
